<?xml version="1.0" encoding="UTF-8"?>
<testsuite xmlns:xsi="http://www.w3.org/2001/XMLSchema-instance" xsi:noNamespaceSchemaLocation="https://maven.apache.org/surefire/maven-surefire-plugin/xsd/surefire-test-report.xsd" name="com.jk.TreeproviderApplicationTests" time="7.784" tests="1" errors="0" skipped="0" failures="0">
  <properties>
    <property name="sun.desktop" value="windows"/>
    <property name="awt.toolkit" value="sun.awt.windows.WToolkit"/>
    <property name="file.encoding.pkg" value="sun.io"/>
    <property name="java.specification.version" value="1.8"/>
    <property name="sun.cpu.isalist" value="amd64"/>
    <property name="sun.jnu.encoding" value="GBK"/>
    <property name="java.class.path" value="D:\day day up\java\六月\project\treeprovider\target\test-classes;D:\day day up\java\六月\project\treeprovider\target\classes;D:\day day up\java\Development\mavenDB\org\apache\commons\commons-email\1.5\commons-email-1.5.jar;D:\day day up\java\Development\mavenDB\com\sun\mail\javax.mail\1.6.2\javax.mail-1.6.2.jar;D:\day day up\java\Development\mavenDB\javax\activation\activation\1.1\activation-1.1.jar;D:\day day up\java\Development\mavenDB\org\apache\httpcomponents\httpclient\4.5\httpclient-4.5.jar;D:\day day up\java\Development\mavenDB\org\apache\httpcomponents\httpcore\4.4.11\httpcore-4.4.11.jar;D:\day day up\java\Development\mavenDB\commons-codec\commons-codec\1.11\commons-codec-1.11.jar;D:\day day up\java\Development\mavenDB\com\jk\treepublic\1.0-SNAPSHOT\treepublic-1.0-SNAPSHOT.jar;D:\day day up\java\Development\mavenDB\io\dubbo\springboot\spring-boot-starter-dubbo\1.0.0\spring-boot-starter-dubbo-1.0.0.jar;D:\day day up\java\Development\mavenDB\org\springframework\boot\spring-boot-starter\2.1.4.RELEASE\spring-boot-starter-2.1.4.RELEASE.jar;D:\day day up\java\Development\mavenDB\org\springframework\boot\spring-boot\2.1.4.RELEASE\spring-boot-2.1.4.RELEASE.jar;D:\day day up\java\Development\mavenDB\org\springframework\boot\spring-boot-autoconfigure\2.1.4.RELEASE\spring-boot-autoconfigure-2.1.4.RELEASE.jar;D:\day day up\java\Development\mavenDB\org\springframework\boot\spring-boot-starter-logging\2.1.4.RELEASE\spring-boot-starter-logging-2.1.4.RELEASE.jar;D:\day day up\java\Development\mavenDB\ch\qos\logback\logback-classic\1.2.3\logback-classic-1.2.3.jar;D:\day day up\java\Development\mavenDB\ch\qos\logback\logback-core\1.2.3\logback-core-1.2.3.jar;D:\day day up\java\Development\mavenDB\org\apache\logging\log4j\log4j-to-slf4j\2.11.2\log4j-to-slf4j-2.11.2.jar;D:\day day up\java\Development\mavenDB\org\apache\logging\log4j\log4j-api\2.11.2\log4j-api-2.11.2.jar;D:\day day up\java\Development\mavenDB\org\slf4j\jul-to-slf4j\1.7.26\jul-to-slf4j-1.7.26.jar;D:\day day up\java\Development\mavenDB\javax\annotation\javax.annotation-api\1.3.2\javax.annotation-api-1.3.2.jar;D:\day day up\java\Development\mavenDB\org\yaml\snakeyaml\1.23\snakeyaml-1.23.jar;D:\day day up\java\Development\mavenDB\com\alibaba\dubbo\2.5.3\dubbo-2.5.3.jar;D:\day day up\java\Development\mavenDB\org\javassist\javassist\3.15.0-GA\javassist-3.15.0-GA.jar;D:\day day up\java\Development\mavenDB\org\jboss\netty\netty\3.2.5.Final\netty-3.2.5.Final.jar;D:\day day up\java\Development\mavenDB\com\101tec\zkclient\0.7\zkclient-0.7.jar;D:\day day up\java\Development\mavenDB\org\apache\zookeeper\zookeeper\3.4.6\zookeeper-3.4.6.jar;D:\day day up\java\Development\mavenDB\org\slf4j\slf4j-api\1.7.26\slf4j-api-1.7.26.jar;D:\day day up\java\Development\mavenDB\org\slf4j\slf4j-log4j12\1.7.26\slf4j-log4j12-1.7.26.jar;D:\day day up\java\Development\mavenDB\log4j\log4j\1.2.16\log4j-1.2.16.jar;D:\day day up\java\Development\mavenDB\jline\jline\0.9.94\jline-0.9.94.jar;D:\day day up\java\Development\mavenDB\io\netty\netty\3.7.0.Final\netty-3.7.0.Final.jar;D:\day day up\java\Development\mavenDB\org\springframework\boot\spring-boot-starter-data-mongodb\2.1.4.RELEASE\spring-boot-starter-data-mongodb-2.1.4.RELEASE.jar;D:\day day up\java\Development\mavenDB\org\mongodb\mongodb-driver\3.8.2\mongodb-driver-3.8.2.jar;D:\day day up\java\Development\mavenDB\org\mongodb\bson\3.8.2\bson-3.8.2.jar;D:\day day up\java\Development\mavenDB\org\mongodb\mongodb-driver-core\3.8.2\mongodb-driver-core-3.8.2.jar;D:\day day up\java\Development\mavenDB\org\springframework\data\spring-data-mongodb\2.1.6.RELEASE\spring-data-mongodb-2.1.6.RELEASE.jar;D:\day day up\java\Development\mavenDB\org\springframework\spring-tx\5.1.6.RELEASE\spring-tx-5.1.6.RELEASE.jar;D:\day day up\java\Development\mavenDB\org\springframework\spring-context\5.1.6.RELEASE\spring-context-5.1.6.RELEASE.jar;D:\day day up\java\Development\mavenDB\org\springframework\spring-beans\5.1.6.RELEASE\spring-beans-5.1.6.RELEASE.jar;D:\day day up\java\Development\mavenDB\org\springframework\spring-expression\5.1.6.RELEASE\spring-expression-5.1.6.RELEASE.jar;D:\day day up\java\Development\mavenDB\org\springframework\data\spring-data-commons\2.1.6.RELEASE\spring-data-commons-2.1.6.RELEASE.jar;D:\day day up\java\Development\mavenDB\org\springframework\boot\spring-boot-starter-data-redis\2.1.4.RELEASE\spring-boot-starter-data-redis-2.1.4.RELEASE.jar;D:\day day up\java\Development\mavenDB\org\springframework\data\spring-data-redis\2.1.6.RELEASE\spring-data-redis-2.1.6.RELEASE.jar;D:\day day up\java\Development\mavenDB\org\springframework\data\spring-data-keyvalue\2.1.6.RELEASE\spring-data-keyvalue-2.1.6.RELEASE.jar;D:\day day up\java\Development\mavenDB\org\springframework\spring-oxm\5.1.6.RELEASE\spring-oxm-5.1.6.RELEASE.jar;D:\day day up\java\Development\mavenDB\org\springframework\spring-aop\5.1.6.RELEASE\spring-aop-5.1.6.RELEASE.jar;D:\day day up\java\Development\mavenDB\org\springframework\spring-context-support\5.1.6.RELEASE\spring-context-support-5.1.6.RELEASE.jar;D:\day day up\java\Development\mavenDB\io\lettuce\lettuce-core\5.1.6.RELEASE\lettuce-core-5.1.6.RELEASE.jar;D:\day day up\java\Development\mavenDB\io\netty\netty-common\4.1.34.Final\netty-common-4.1.34.Final.jar;D:\day day up\java\Development\mavenDB\io\netty\netty-handler\4.1.34.Final\netty-handler-4.1.34.Final.jar;D:\day day up\java\Development\mavenDB\io\netty\netty-buffer\4.1.34.Final\netty-buffer-4.1.34.Final.jar;D:\day day up\java\Development\mavenDB\io\netty\netty-codec\4.1.34.Final\netty-codec-4.1.34.Final.jar;D:\day day up\java\Development\mavenDB\io\netty\netty-transport\4.1.34.Final\netty-transport-4.1.34.Final.jar;D:\day day up\java\Development\mavenDB\io\netty\netty-resolver\4.1.34.Final\netty-resolver-4.1.34.Final.jar;D:\day day up\java\Development\mavenDB\io\projectreactor\reactor-core\3.2.8.RELEASE\reactor-core-3.2.8.RELEASE.jar;D:\day day up\java\Development\mavenDB\org\reactivestreams\reactive-streams\1.0.2\reactive-streams-1.0.2.jar;D:\day day up\java\Development\mavenDB\redis\clients\jedis\2.9.0\jedis-2.9.0.jar;D:\day day up\java\Development\mavenDB\org\apache\commons\commons-pool2\2.6.1\commons-pool2-2.6.1.jar;D:\day day up\java\Development\mavenDB\org\springframework\boot\spring-boot-starter-test\2.1.4.RELEASE\spring-boot-starter-test-2.1.4.RELEASE.jar;D:\day day up\java\Development\mavenDB\org\springframework\boot\spring-boot-test\2.1.4.RELEASE\spring-boot-test-2.1.4.RELEASE.jar;D:\day day up\java\Development\mavenDB\org\springframework\boot\spring-boot-test-autoconfigure\2.1.4.RELEASE\spring-boot-test-autoconfigure-2.1.4.RELEASE.jar;D:\day day up\java\Development\mavenDB\com\jayway\jsonpath\json-path\2.4.0\json-path-2.4.0.jar;D:\day day up\java\Development\mavenDB\net\minidev\json-smart\2.3\json-smart-2.3.jar;D:\day day up\java\Development\mavenDB\net\minidev\accessors-smart\1.2\accessors-smart-1.2.jar;D:\day day up\java\Development\mavenDB\org\ow2\asm\asm\5.0.4\asm-5.0.4.jar;D:\day day up\java\Development\mavenDB\junit\junit\4.12\junit-4.12.jar;D:\day day up\java\Development\mavenDB\org\assertj\assertj-core\3.11.1\assertj-core-3.11.1.jar;D:\day day up\java\Development\mavenDB\org\mockito\mockito-core\2.23.4\mockito-core-2.23.4.jar;D:\day day up\java\Development\mavenDB\net\bytebuddy\byte-buddy\1.9.12\byte-buddy-1.9.12.jar;D:\day day up\java\Development\mavenDB\net\bytebuddy\byte-buddy-agent\1.9.12\byte-buddy-agent-1.9.12.jar;D:\day day up\java\Development\mavenDB\org\objenesis\objenesis\2.6\objenesis-2.6.jar;D:\day day up\java\Development\mavenDB\org\hamcrest\hamcrest-core\1.3\hamcrest-core-1.3.jar;D:\day day up\java\Development\mavenDB\org\hamcrest\hamcrest-library\1.3\hamcrest-library-1.3.jar;D:\day day up\java\Development\mavenDB\org\skyscreamer\jsonassert\1.5.0\jsonassert-1.5.0.jar;D:\day day up\java\Development\mavenDB\com\vaadin\external\google\android-json\0.0.20131108.vaadin1\android-json-0.0.20131108.vaadin1.jar;D:\day day up\java\Development\mavenDB\org\springframework\spring-core\5.1.6.RELEASE\spring-core-5.1.6.RELEASE.jar;D:\day day up\java\Development\mavenDB\org\springframework\spring-jcl\5.1.6.RELEASE\spring-jcl-5.1.6.RELEASE.jar;D:\day day up\java\Development\mavenDB\org\springframework\spring-test\5.1.6.RELEASE\spring-test-5.1.6.RELEASE.jar;D:\day day up\java\Development\mavenDB\org\xmlunit\xmlunit-core\2.6.2\xmlunit-core-2.6.2.jar;D:\day day up\java\Development\mavenDB\mysql\mysql-connector-java\5.1.34\mysql-connector-java-5.1.34.jar;D:\day day up\java\Development\mavenDB\com\alibaba\druid\1.0.5\druid-1.0.5.jar;D:\day day up\java\Development\mavenDB\org\springframework\boot\spring-boot-starter-web\2.1.4.RELEASE\spring-boot-starter-web-2.1.4.RELEASE.jar;D:\day day up\java\Development\mavenDB\org\springframework\boot\spring-boot-starter-json\2.1.4.RELEASE\spring-boot-starter-json-2.1.4.RELEASE.jar;D:\day day up\java\Development\mavenDB\com\fasterxml\jackson\datatype\jackson-datatype-jdk8\2.9.8\jackson-datatype-jdk8-2.9.8.jar;D:\day day up\java\Development\mavenDB\com\fasterxml\jackson\datatype\jackson-datatype-jsr310\2.9.8\jackson-datatype-jsr310-2.9.8.jar;D:\day day up\java\Development\mavenDB\com\fasterxml\jackson\module\jackson-module-parameter-names\2.9.8\jackson-module-parameter-names-2.9.8.jar;D:\day day up\java\Development\mavenDB\org\springframework\boot\spring-boot-starter-tomcat\2.1.4.RELEASE\spring-boot-starter-tomcat-2.1.4.RELEASE.jar;D:\day day up\java\Development\mavenDB\org\apache\tomcat\embed\tomcat-embed-core\9.0.17\tomcat-embed-core-9.0.17.jar;D:\day day up\java\Development\mavenDB\org\apache\tomcat\embed\tomcat-embed-websocket\9.0.17\tomcat-embed-websocket-9.0.17.jar;D:\day day up\java\Development\mavenDB\org\hibernate\validator\hibernate-validator\6.0.16.Final\hibernate-validator-6.0.16.Final.jar;D:\day day up\java\Development\mavenDB\javax\validation\validation-api\2.0.1.Final\validation-api-2.0.1.Final.jar;D:\day day up\java\Development\mavenDB\org\jboss\logging\jboss-logging\3.3.2.Final\jboss-logging-3.3.2.Final.jar;D:\day day up\java\Development\mavenDB\com\fasterxml\classmate\1.4.0\classmate-1.4.0.jar;D:\day day up\java\Development\mavenDB\org\springframework\spring-web\5.1.6.RELEASE\spring-web-5.1.6.RELEASE.jar;D:\day day up\java\Development\mavenDB\org\springframework\spring-webmvc\5.1.6.RELEASE\spring-webmvc-5.1.6.RELEASE.jar;D:\day day up\java\Development\mavenDB\org\mybatis\spring\boot\mybatis-spring-boot-starter\2.0.1\mybatis-spring-boot-starter-2.0.1.jar;D:\day day up\java\Development\mavenDB\org\springframework\boot\spring-boot-starter-jdbc\2.1.4.RELEASE\spring-boot-starter-jdbc-2.1.4.RELEASE.jar;D:\day day up\java\Development\mavenDB\com\zaxxer\HikariCP\3.2.0\HikariCP-3.2.0.jar;D:\day day up\java\Development\mavenDB\org\springframework\spring-jdbc\5.1.6.RELEASE\spring-jdbc-5.1.6.RELEASE.jar;D:\day day up\java\Development\mavenDB\org\mybatis\spring\boot\mybatis-spring-boot-autoconfigure\2.0.1\mybatis-spring-boot-autoconfigure-2.0.1.jar;D:\day day up\java\Development\mavenDB\org\mybatis\mybatis\3.5.1\mybatis-3.5.1.jar;D:\day day up\java\Development\mavenDB\org\mybatis\mybatis-spring\2.0.1\mybatis-spring-2.0.1.jar;D:\day day up\java\Development\mavenDB\org\projectlombok\lombok\1.18.6\lombok-1.18.6.jar;D:\day day up\java\Development\mavenDB\org\apache\commons\commons-lang3\3.8.1\commons-lang3-3.8.1.jar;D:\day day up\java\Development\mavenDB\io\jsonwebtoken\jjwt\0.9.1\jjwt-0.9.1.jar;D:\day day up\java\Development\mavenDB\com\fasterxml\jackson\core\jackson-databind\2.9.8\jackson-databind-2.9.8.jar;D:\day day up\java\Development\mavenDB\com\fasterxml\jackson\core\jackson-annotations\2.9.0\jackson-annotations-2.9.0.jar;D:\day day up\java\Development\mavenDB\com\fasterxml\jackson\core\jackson-core\2.9.8\jackson-core-2.9.8.jar;D:\day day up\java\Development\mavenDB\com\alibaba\fastjson\1.2.51\fastjson-1.2.51.jar;D:\day day up\java\Development\mavenDB\org\springframework\boot\spring-boot-starter-activemq\2.1.4.RELEASE\spring-boot-starter-activemq-2.1.4.RELEASE.jar;D:\day day up\java\Development\mavenDB\org\springframework\spring-jms\5.1.6.RELEASE\spring-jms-5.1.6.RELEASE.jar;D:\day day up\java\Development\mavenDB\org\springframework\spring-messaging\5.1.6.RELEASE\spring-messaging-5.1.6.RELEASE.jar;D:\day day up\java\Development\mavenDB\org\apache\activemq\activemq-broker\5.15.9\activemq-broker-5.15.9.jar;D:\day day up\java\Development\mavenDB\org\apache\activemq\activemq-client\5.15.9\activemq-client-5.15.9.jar;D:\day day up\java\Development\mavenDB\org\fusesource\hawtbuf\hawtbuf\1.11\hawtbuf-1.11.jar;D:\day day up\java\Development\mavenDB\org\apache\geronimo\specs\geronimo-j2ee-management_1.1_spec\1.0.1\geronimo-j2ee-management_1.1_spec-1.0.1.jar;D:\day day up\java\Development\mavenDB\org\apache\activemq\activemq-openwire-legacy\5.15.9\activemq-openwire-legacy-5.15.9.jar;D:\day day up\java\Development\mavenDB\com\google\guava\guava\18.0\guava-18.0.jar;D:\day day up\java\Development\mavenDB\javax\jms\javax.jms-api\2.0.1\javax.jms-api-2.0.1.jar;D:\day day up\java\Development\mavenDB\org\springframework\boot\spring-boot-starter-validation\2.1.4.RELEASE\spring-boot-starter-validation-2.1.4.RELEASE.jar;D:\day day up\java\Development\mavenDB\org\apache\tomcat\embed\tomcat-embed-el\9.0.17\tomcat-embed-el-9.0.17.jar;D:\day day up\java\Development\mavenDB\net\sf\json-lib\json-lib\2.4\json-lib-2.4-jdk15.jar;D:\day day up\java\Development\mavenDB\commons-lang\commons-lang\2.5\commons-lang-2.5.jar;D:\day day up\java\Development\mavenDB\commons-logging\commons-logging\1.1.1\commons-logging-1.1.1.jar;D:\day day up\java\Development\mavenDB\commons-beanutils\commons-beanutils\1.7.0\commons-beanutils-1.7.0.jar;D:\day day up\java\Development\mavenDB\commons-collections\commons-collections\3.1\commons-collections-3.1.jar;D:\day day up\java\Development\mavenDB\net\sf\ezmorph\ezmorph\1.0.3\ezmorph-1.0.3.jar;"/>
    <property name="java.vm.vendor" value="Oracle Corporation"/>
    <property name="sun.arch.data.model" value="64"/>
    <property name="user.variant" value=""/>
    <property name="java.vendor.url" value="http://java.oracle.com/"/>
    <property name="user.timezone" value="GMT+08:00"/>
    <property name="java.vm.specification.version" value="1.8"/>
    <property name="os.name" value="Windows 10"/>
    <property name="user.country" value="CN"/>
    <property name="sun.java.launcher" value="SUN_STANDARD"/>
    <property name="sun.boot.library.path" value="C:\Program Files\Java\jdk1.8.0_65\jre\bin"/>
    <property name="sun.java.command" value="C:\Users\pc\AppData\Local\Temp\surefire7366368621872230696\surefirebooter4846148855260101875.jar C:\Users\pc\AppData\Local\Temp\surefire7366368621872230696 2019-05-07T23-37-12_727-jvmRun1 surefire467204018282780611tmp surefire_01850711053909935437tmp"/>
    <property name="surefire.test.class.path" value="D:\day day up\java\六月\project\treeprovider\target\test-classes;D:\day day up\java\六月\project\treeprovider\target\classes;D:\day day up\java\Development\mavenDB\org\apache\commons\commons-email\1.5\commons-email-1.5.jar;D:\day day up\java\Development\mavenDB\com\sun\mail\javax.mail\1.6.2\javax.mail-1.6.2.jar;D:\day day up\java\Development\mavenDB\javax\activation\activation\1.1\activation-1.1.jar;D:\day day up\java\Development\mavenDB\org\apache\httpcomponents\httpclient\4.5\httpclient-4.5.jar;D:\day day up\java\Development\mavenDB\org\apache\httpcomponents\httpcore\4.4.11\httpcore-4.4.11.jar;D:\day day up\java\Development\mavenDB\commons-codec\commons-codec\1.11\commons-codec-1.11.jar;D:\day day up\java\Development\mavenDB\com\jk\treepublic\1.0-SNAPSHOT\treepublic-1.0-SNAPSHOT.jar;D:\day day up\java\Development\mavenDB\io\dubbo\springboot\spring-boot-starter-dubbo\1.0.0\spring-boot-starter-dubbo-1.0.0.jar;D:\day day up\java\Development\mavenDB\org\springframework\boot\spring-boot-starter\2.1.4.RELEASE\spring-boot-starter-2.1.4.RELEASE.jar;D:\day day up\java\Development\mavenDB\org\springframework\boot\spring-boot\2.1.4.RELEASE\spring-boot-2.1.4.RELEASE.jar;D:\day day up\java\Development\mavenDB\org\springframework\boot\spring-boot-autoconfigure\2.1.4.RELEASE\spring-boot-autoconfigure-2.1.4.RELEASE.jar;D:\day day up\java\Development\mavenDB\org\springframework\boot\spring-boot-starter-logging\2.1.4.RELEASE\spring-boot-starter-logging-2.1.4.RELEASE.jar;D:\day day up\java\Development\mavenDB\ch\qos\logback\logback-classic\1.2.3\logback-classic-1.2.3.jar;D:\day day up\java\Development\mavenDB\ch\qos\logback\logback-core\1.2.3\logback-core-1.2.3.jar;D:\day day up\java\Development\mavenDB\org\apache\logging\log4j\log4j-to-slf4j\2.11.2\log4j-to-slf4j-2.11.2.jar;D:\day day up\java\Development\mavenDB\org\apache\logging\log4j\log4j-api\2.11.2\log4j-api-2.11.2.jar;D:\day day up\java\Development\mavenDB\org\slf4j\jul-to-slf4j\1.7.26\jul-to-slf4j-1.7.26.jar;D:\day day up\java\Development\mavenDB\javax\annotation\javax.annotation-api\1.3.2\javax.annotation-api-1.3.2.jar;D:\day day up\java\Development\mavenDB\org\yaml\snakeyaml\1.23\snakeyaml-1.23.jar;D:\day day up\java\Development\mavenDB\com\alibaba\dubbo\2.5.3\dubbo-2.5.3.jar;D:\day day up\java\Development\mavenDB\org\javassist\javassist\3.15.0-GA\javassist-3.15.0-GA.jar;D:\day day up\java\Development\mavenDB\org\jboss\netty\netty\3.2.5.Final\netty-3.2.5.Final.jar;D:\day day up\java\Development\mavenDB\com\101tec\zkclient\0.7\zkclient-0.7.jar;D:\day day up\java\Development\mavenDB\org\apache\zookeeper\zookeeper\3.4.6\zookeeper-3.4.6.jar;D:\day day up\java\Development\mavenDB\org\slf4j\slf4j-api\1.7.26\slf4j-api-1.7.26.jar;D:\day day up\java\Development\mavenDB\org\slf4j\slf4j-log4j12\1.7.26\slf4j-log4j12-1.7.26.jar;D:\day day up\java\Development\mavenDB\log4j\log4j\1.2.16\log4j-1.2.16.jar;D:\day day up\java\Development\mavenDB\jline\jline\0.9.94\jline-0.9.94.jar;D:\day day up\java\Development\mavenDB\io\netty\netty\3.7.0.Final\netty-3.7.0.Final.jar;D:\day day up\java\Development\mavenDB\org\springframework\boot\spring-boot-starter-data-mongodb\2.1.4.RELEASE\spring-boot-starter-data-mongodb-2.1.4.RELEASE.jar;D:\day day up\java\Development\mavenDB\org\mongodb\mongodb-driver\3.8.2\mongodb-driver-3.8.2.jar;D:\day day up\java\Development\mavenDB\org\mongodb\bson\3.8.2\bson-3.8.2.jar;D:\day day up\java\Development\mavenDB\org\mongodb\mongodb-driver-core\3.8.2\mongodb-driver-core-3.8.2.jar;D:\day day up\java\Development\mavenDB\org\springframework\data\spring-data-mongodb\2.1.6.RELEASE\spring-data-mongodb-2.1.6.RELEASE.jar;D:\day day up\java\Development\mavenDB\org\springframework\spring-tx\5.1.6.RELEASE\spring-tx-5.1.6.RELEASE.jar;D:\day day up\java\Development\mavenDB\org\springframework\spring-context\5.1.6.RELEASE\spring-context-5.1.6.RELEASE.jar;D:\day day up\java\Development\mavenDB\org\springframework\spring-beans\5.1.6.RELEASE\spring-beans-5.1.6.RELEASE.jar;D:\day day up\java\Development\mavenDB\org\springframework\spring-expression\5.1.6.RELEASE\spring-expression-5.1.6.RELEASE.jar;D:\day day up\java\Development\mavenDB\org\springframework\data\spring-data-commons\2.1.6.RELEASE\spring-data-commons-2.1.6.RELEASE.jar;D:\day day up\java\Development\mavenDB\org\springframework\boot\spring-boot-starter-data-redis\2.1.4.RELEASE\spring-boot-starter-data-redis-2.1.4.RELEASE.jar;D:\day day up\java\Development\mavenDB\org\springframework\data\spring-data-redis\2.1.6.RELEASE\spring-data-redis-2.1.6.RELEASE.jar;D:\day day up\java\Development\mavenDB\org\springframework\data\spring-data-keyvalue\2.1.6.RELEASE\spring-data-keyvalue-2.1.6.RELEASE.jar;D:\day day up\java\Development\mavenDB\org\springframework\spring-oxm\5.1.6.RELEASE\spring-oxm-5.1.6.RELEASE.jar;D:\day day up\java\Development\mavenDB\org\springframework\spring-aop\5.1.6.RELEASE\spring-aop-5.1.6.RELEASE.jar;D:\day day up\java\Development\mavenDB\org\springframework\spring-context-support\5.1.6.RELEASE\spring-context-support-5.1.6.RELEASE.jar;D:\day day up\java\Development\mavenDB\io\lettuce\lettuce-core\5.1.6.RELEASE\lettuce-core-5.1.6.RELEASE.jar;D:\day day up\java\Development\mavenDB\io\netty\netty-common\4.1.34.Final\netty-common-4.1.34.Final.jar;D:\day day up\java\Development\mavenDB\io\netty\netty-handler\4.1.34.Final\netty-handler-4.1.34.Final.jar;D:\day day up\java\Development\mavenDB\io\netty\netty-buffer\4.1.34.Final\netty-buffer-4.1.34.Final.jar;D:\day day up\java\Development\mavenDB\io\netty\netty-codec\4.1.34.Final\netty-codec-4.1.34.Final.jar;D:\day day up\java\Development\mavenDB\io\netty\netty-transport\4.1.34.Final\netty-transport-4.1.34.Final.jar;D:\day day up\java\Development\mavenDB\io\netty\netty-resolver\4.1.34.Final\netty-resolver-4.1.34.Final.jar;D:\day day up\java\Development\mavenDB\io\projectreactor\reactor-core\3.2.8.RELEASE\reactor-core-3.2.8.RELEASE.jar;D:\day day up\java\Development\mavenDB\org\reactivestreams\reactive-streams\1.0.2\reactive-streams-1.0.2.jar;D:\day day up\java\Development\mavenDB\redis\clients\jedis\2.9.0\jedis-2.9.0.jar;D:\day day up\java\Development\mavenDB\org\apache\commons\commons-pool2\2.6.1\commons-pool2-2.6.1.jar;D:\day day up\java\Development\mavenDB\org\springframework\boot\spring-boot-starter-test\2.1.4.RELEASE\spring-boot-starter-test-2.1.4.RELEASE.jar;D:\day day up\java\Development\mavenDB\org\springframework\boot\spring-boot-test\2.1.4.RELEASE\spring-boot-test-2.1.4.RELEASE.jar;D:\day day up\java\Development\mavenDB\org\springframework\boot\spring-boot-test-autoconfigure\2.1.4.RELEASE\spring-boot-test-autoconfigure-2.1.4.RELEASE.jar;D:\day day up\java\Development\mavenDB\com\jayway\jsonpath\json-path\2.4.0\json-path-2.4.0.jar;D:\day day up\java\Development\mavenDB\net\minidev\json-smart\2.3\json-smart-2.3.jar;D:\day day up\java\Development\mavenDB\net\minidev\accessors-smart\1.2\accessors-smart-1.2.jar;D:\day day up\java\Development\mavenDB\org\ow2\asm\asm\5.0.4\asm-5.0.4.jar;D:\day day up\java\Development\mavenDB\junit\junit\4.12\junit-4.12.jar;D:\day day up\java\Development\mavenDB\org\assertj\assertj-core\3.11.1\assertj-core-3.11.1.jar;D:\day day up\java\Development\mavenDB\org\mockito\mockito-core\2.23.4\mockito-core-2.23.4.jar;D:\day day up\java\Development\mavenDB\net\bytebuddy\byte-buddy\1.9.12\byte-buddy-1.9.12.jar;D:\day day up\java\Development\mavenDB\net\bytebuddy\byte-buddy-agent\1.9.12\byte-buddy-agent-1.9.12.jar;D:\day day up\java\Development\mavenDB\org\objenesis\objenesis\2.6\objenesis-2.6.jar;D:\day day up\java\Development\mavenDB\org\hamcrest\hamcrest-core\1.3\hamcrest-core-1.3.jar;D:\day day up\java\Development\mavenDB\org\hamcrest\hamcrest-library\1.3\hamcrest-library-1.3.jar;D:\day day up\java\Development\mavenDB\org\skyscreamer\jsonassert\1.5.0\jsonassert-1.5.0.jar;D:\day day up\java\Development\mavenDB\com\vaadin\external\google\android-json\0.0.20131108.vaadin1\android-json-0.0.20131108.vaadin1.jar;D:\day day up\java\Development\mavenDB\org\springframework\spring-core\5.1.6.RELEASE\spring-core-5.1.6.RELEASE.jar;D:\day day up\java\Development\mavenDB\org\springframework\spring-jcl\5.1.6.RELEASE\spring-jcl-5.1.6.RELEASE.jar;D:\day day up\java\Development\mavenDB\org\springframework\spring-test\5.1.6.RELEASE\spring-test-5.1.6.RELEASE.jar;D:\day day up\java\Development\mavenDB\org\xmlunit\xmlunit-core\2.6.2\xmlunit-core-2.6.2.jar;D:\day day up\java\Development\mavenDB\mysql\mysql-connector-java\5.1.34\mysql-connector-java-5.1.34.jar;D:\day day up\java\Development\mavenDB\com\alibaba\druid\1.0.5\druid-1.0.5.jar;D:\day day up\java\Development\mavenDB\org\springframework\boot\spring-boot-starter-web\2.1.4.RELEASE\spring-boot-starter-web-2.1.4.RELEASE.jar;D:\day day up\java\Development\mavenDB\org\springframework\boot\spring-boot-starter-json\2.1.4.RELEASE\spring-boot-starter-json-2.1.4.RELEASE.jar;D:\day day up\java\Development\mavenDB\com\fasterxml\jackson\datatype\jackson-datatype-jdk8\2.9.8\jackson-datatype-jdk8-2.9.8.jar;D:\day day up\java\Development\mavenDB\com\fasterxml\jackson\datatype\jackson-datatype-jsr310\2.9.8\jackson-datatype-jsr310-2.9.8.jar;D:\day day up\java\Development\mavenDB\com\fasterxml\jackson\module\jackson-module-parameter-names\2.9.8\jackson-module-parameter-names-2.9.8.jar;D:\day day up\java\Development\mavenDB\org\springframework\boot\spring-boot-starter-tomcat\2.1.4.RELEASE\spring-boot-starter-tomcat-2.1.4.RELEASE.jar;D:\day day up\java\Development\mavenDB\org\apache\tomcat\embed\tomcat-embed-core\9.0.17\tomcat-embed-core-9.0.17.jar;D:\day day up\java\Development\mavenDB\org\apache\tomcat\embed\tomcat-embed-websocket\9.0.17\tomcat-embed-websocket-9.0.17.jar;D:\day day up\java\Development\mavenDB\org\hibernate\validator\hibernate-validator\6.0.16.Final\hibernate-validator-6.0.16.Final.jar;D:\day day up\java\Development\mavenDB\javax\validation\validation-api\2.0.1.Final\validation-api-2.0.1.Final.jar;D:\day day up\java\Development\mavenDB\org\jboss\logging\jboss-logging\3.3.2.Final\jboss-logging-3.3.2.Final.jar;D:\day day up\java\Development\mavenDB\com\fasterxml\classmate\1.4.0\classmate-1.4.0.jar;D:\day day up\java\Development\mavenDB\org\springframework\spring-web\5.1.6.RELEASE\spring-web-5.1.6.RELEASE.jar;D:\day day up\java\Development\mavenDB\org\springframework\spring-webmvc\5.1.6.RELEASE\spring-webmvc-5.1.6.RELEASE.jar;D:\day day up\java\Development\mavenDB\org\mybatis\spring\boot\mybatis-spring-boot-starter\2.0.1\mybatis-spring-boot-starter-2.0.1.jar;D:\day day up\java\Development\mavenDB\org\springframework\boot\spring-boot-starter-jdbc\2.1.4.RELEASE\spring-boot-starter-jdbc-2.1.4.RELEASE.jar;D:\day day up\java\Development\mavenDB\com\zaxxer\HikariCP\3.2.0\HikariCP-3.2.0.jar;D:\day day up\java\Development\mavenDB\org\springframework\spring-jdbc\5.1.6.RELEASE\spring-jdbc-5.1.6.RELEASE.jar;D:\day day up\java\Development\mavenDB\org\mybatis\spring\boot\mybatis-spring-boot-autoconfigure\2.0.1\mybatis-spring-boot-autoconfigure-2.0.1.jar;D:\day day up\java\Development\mavenDB\org\mybatis\mybatis\3.5.1\mybatis-3.5.1.jar;D:\day day up\java\Development\mavenDB\org\mybatis\mybatis-spring\2.0.1\mybatis-spring-2.0.1.jar;D:\day day up\java\Development\mavenDB\org\projectlombok\lombok\1.18.6\lombok-1.18.6.jar;D:\day day up\java\Development\mavenDB\org\apache\commons\commons-lang3\3.8.1\commons-lang3-3.8.1.jar;D:\day day up\java\Development\mavenDB\io\jsonwebtoken\jjwt\0.9.1\jjwt-0.9.1.jar;D:\day day up\java\Development\mavenDB\com\fasterxml\jackson\core\jackson-databind\2.9.8\jackson-databind-2.9.8.jar;D:\day day up\java\Development\mavenDB\com\fasterxml\jackson\core\jackson-annotations\2.9.0\jackson-annotations-2.9.0.jar;D:\day day up\java\Development\mavenDB\com\fasterxml\jackson\core\jackson-core\2.9.8\jackson-core-2.9.8.jar;D:\day day up\java\Development\mavenDB\com\alibaba\fastjson\1.2.51\fastjson-1.2.51.jar;D:\day day up\java\Development\mavenDB\org\springframework\boot\spring-boot-starter-activemq\2.1.4.RELEASE\spring-boot-starter-activemq-2.1.4.RELEASE.jar;D:\day day up\java\Development\mavenDB\org\springframework\spring-jms\5.1.6.RELEASE\spring-jms-5.1.6.RELEASE.jar;D:\day day up\java\Development\mavenDB\org\springframework\spring-messaging\5.1.6.RELEASE\spring-messaging-5.1.6.RELEASE.jar;D:\day day up\java\Development\mavenDB\org\apache\activemq\activemq-broker\5.15.9\activemq-broker-5.15.9.jar;D:\day day up\java\Development\mavenDB\org\apache\activemq\activemq-client\5.15.9\activemq-client-5.15.9.jar;D:\day day up\java\Development\mavenDB\org\fusesource\hawtbuf\hawtbuf\1.11\hawtbuf-1.11.jar;D:\day day up\java\Development\mavenDB\org\apache\geronimo\specs\geronimo-j2ee-management_1.1_spec\1.0.1\geronimo-j2ee-management_1.1_spec-1.0.1.jar;D:\day day up\java\Development\mavenDB\org\apache\activemq\activemq-openwire-legacy\5.15.9\activemq-openwire-legacy-5.15.9.jar;D:\day day up\java\Development\mavenDB\com\google\guava\guava\18.0\guava-18.0.jar;D:\day day up\java\Development\mavenDB\javax\jms\javax.jms-api\2.0.1\javax.jms-api-2.0.1.jar;D:\day day up\java\Development\mavenDB\org\springframework\boot\spring-boot-starter-validation\2.1.4.RELEASE\spring-boot-starter-validation-2.1.4.RELEASE.jar;D:\day day up\java\Development\mavenDB\org\apache\tomcat\embed\tomcat-embed-el\9.0.17\tomcat-embed-el-9.0.17.jar;D:\day day up\java\Development\mavenDB\net\sf\json-lib\json-lib\2.4\json-lib-2.4-jdk15.jar;D:\day day up\java\Development\mavenDB\commons-lang\commons-lang\2.5\commons-lang-2.5.jar;D:\day day up\java\Development\mavenDB\commons-logging\commons-logging\1.1.1\commons-logging-1.1.1.jar;D:\day day up\java\Development\mavenDB\commons-beanutils\commons-beanutils\1.7.0\commons-beanutils-1.7.0.jar;D:\day day up\java\Development\mavenDB\commons-collections\commons-collections\3.1\commons-collections-3.1.jar;D:\day day up\java\Development\mavenDB\net\sf\ezmorph\ezmorph\1.0.3\ezmorph-1.0.3.jar;"/>
    <property name="sun.cpu.endian" value="little"/>
    <property name="user.home" value="C:\Users\pc"/>
    <property name="user.language" value="zh"/>
    <property name="java.specification.vendor" value="Oracle Corporation"/>
    <property name="java.home" value="C:\Program Files\Java\jdk1.8.0_65\jre"/>
    <property name="basedir" value="D:\day day up\java\六月\project\treeprovider"/>
    <property name="file.separator" value="\"/>
    <property name="line.separator" value="&#10;"/>
    <property name="java.vm.specification.vendor" value="Oracle Corporation"/>
    <property name="java.specification.name" value="Java Platform API Specification"/>
    <property name="java.awt.graphicsenv" value="sun.awt.Win32GraphicsEnvironment"/>
    <property name="surefire.real.class.path" value="C:\Users\pc\AppData\Local\Temp\surefire7366368621872230696\surefirebooter4846148855260101875.jar"/>
    <property name="sun.boot.class.path" value="C:\Program Files\Java\jdk1.8.0_65\jre\lib\resources.jar;C:\Program Files\Java\jdk1.8.0_65\jre\lib\rt.jar;C:\Program Files\Java\jdk1.8.0_65\jre\lib\sunrsasign.jar;C:\Program Files\Java\jdk1.8.0_65\jre\lib\jsse.jar;C:\Program Files\Java\jdk1.8.0_65\jre\lib\jce.jar;C:\Program Files\Java\jdk1.8.0_65\jre\lib\charsets.jar;C:\Program Files\Java\jdk1.8.0_65\jre\lib\jfr.jar;C:\Program Files\Java\jdk1.8.0_65\jre\classes"/>
    <property name="user.script" value=""/>
    <property name="sun.management.compiler" value="HotSpot 64-Bit Tiered Compilers"/>
    <property name="java.runtime.version" value="1.8.0_65-b17"/>
    <property name="user.name" value="pc"/>
    <property name="path.separator" value=";"/>
    <property name="os.version" value="10.0"/>
    <property name="java.endorsed.dirs" value="C:\Program Files\Java\jdk1.8.0_65\jre\lib\endorsed"/>
    <property name="java.runtime.name" value="Java(TM) SE Runtime Environment"/>
    <property name="file.encoding" value="GBK"/>
    <property name="java.vm.name" value="Java HotSpot(TM) 64-Bit Server VM"/>
    <property name="localRepository" value="D:\day day up\java\Development\mavenDB"/>
    <property name="java.vendor.url.bug" value="http://bugreport.sun.com/bugreport/"/>
    <property name="java.io.tmpdir" value="C:\Users\pc\AppData\Local\Temp\"/>
    <property name="idea.version" value="2018.3.5"/>
    <property name="java.version" value="1.8.0_65"/>
    <property name="user.dir" value="D:\day day up\java\六月\project\treeprovider"/>
    <property name="os.arch" value="amd64"/>
    <property name="java.vm.specification.name" value="Java Virtual Machine Specification"/>
    <property name="java.awt.printerjob" value="sun.awt.windows.WPrinterJob"/>
    <property name="sun.os.patch.level" value=""/>
    <property name="java.library.path" value="C:\Program Files\Java\jdk1.8.0_65\jre\bin;C:\WINDOWS\Sun\Java\bin;C:\WINDOWS\system32;C:\WINDOWS;C:\Program Files\Java\jdk1.8.0_65\bin;D:\day day up\java\Development\apache-tomcat-7.0.65\bin;C:\WINDOWS\system32;C:\WINDOWS;C:\WINDOWS\System32\Wbem;C:\WINDOWS\System32\WindowsPowerShell\v1.0\;C:\WINDOWS\System32\OpenSSH\;C:\Program Files\NVIDIA Corporation\NVIDIA NvDLISR;C:\windows\system32\;D:\day day up\java\Development\apache-maven-3.5.4\bin;D:\VisualSVN Server\bin;D:\TortoiseSVN\bin;C:\Python3.7\Scripts\;C:\Python3.7\;C:\Users\pc\AppData\Local\Microsoft\WindowsApps;C:\Users\pc\AppData\Local\Microsoft\WindowsApps;;."/>
    <property name="java.vm.info" value="mixed mode"/>
    <property name="java.vendor" value="Oracle Corporation"/>
    <property name="java.vm.version" value="25.65-b01"/>
    <property name="java.ext.dirs" value="C:\Program Files\Java\jdk1.8.0_65\jre\lib\ext;C:\WINDOWS\Sun\Java\lib\ext"/>
    <property name="sun.io.unicode.encoding" value="UnicodeLittle"/>
    <property name="maven.repo.local" value="D:\day day up\java\Development\mavenDB"/>
    <property name="java.class.version" value="52.0"/>
  </properties>
  <testcase name="contextLoads" classname="com.jk.TreeproviderApplicationTests" time="0.234"/>
</testsuite>